VeriAbs version 1.3.10
VeriAbs root: /home/pritom/mainDev/veriabs
scripts/veriabs: 44: [: unexpected operator
cpac option: --cpact
Running VeriAbs on /home/pritom/mainDev/veriabs/veriabs_list/data_structures_set_multi_proc_trivial_true-unreach-call_ground_true-termination.i/data_structures_set_multi_proc_trivial_true-unreach-call_ground_true-termination.i
Home: /home/pritom
cp: cannot stat '/home/pritom/mainDev/veriabs/veriabs_list/data_structures_set_multi_proc_trivial_true-unreach-call_ground_true-termination.i/*.h': No such file or directory
VeriAbs input C file(rw): /home/pritom/ar_abs_temp/data_structures_set_multi_proc_trivial_true_unreach_call_ground_true_termination.c
VeriAbs command: /home/pritom/mainDev/veriabs/scripts/veriabs.pl --svcomp17 --property-file /home/pritom/mainDev/veriabs/ReachSafety.prp /home/pritom/ar_abs_temp /home/pritom/ar_abs_temp/data_structures_set_multi_proc_trivial_true_unreach_call_ground_true_termination.prj
Working directory on running VeriAbs.pl : /home/pritom/mainDev/veriabs

 CBMC version : 5.8

CPAC Root: /home/pritom/mainDev/veriabs/cpact/CPAchecker-1.6.1-unix

***Parsing completed..

Array Abstraction: /home/pritom/mainDev/veriabs/scripts/vrf data_structures_set_multi_proc_trivial_true_unreach_call_ground_true_termination
ARP:PROGRAM OUT OF SCOPE
/home/pritom/ar_abs_temp/data_structures_set_multi_proc_trivial_true_unreach_call_ground_true_termination.c
Starting LSH Array Abstraction..
Examining ArrayAbstractability of data_structures_set_multi_proc_trivial_true_unreach_call_ground_true_termination

NOT Amenable to Array Abstraction
OUTCOME data_structures_set_multi_proc_trivial_true_unreach_call_ground_true_termination -1 NA
Started collecting loop information for abstraction...
witness_generation:  started!
witness_generation: simplification of assume expr time taken(ms) 61
witness_generation:  simplification took (ms) 24
witness_generation:  total time taken(ms): 487

Starting the loop abstraction unparser..



***Loop Abstraction Information extraction complete

***Parsing completed..
Started collecting loop information for abstraction...
witness_generation:  started!
witness_generation: simplification of assume expr time taken(ms) 1
witness_generation:  simplification took (ms) 8
witness_generation:  total time taken(ms): 287

Starting the loop abstraction unparser..



Abstraction Without Induction and with output abstraction.
***Loop Abstraction Information extraction complete

Gcc Preprocessing Command:
gcc -m32 -E /home/pritom/ar_abs_temp/data_structures_set_multi_proc_trivial_true_unreach_call_ground_true_termination/LAU/assertFlags.c /home/pritom/ar_abs_temp/data_structures_set_multi_proc_trivial_true_unreach_call_ground_true_termination/LAU/kind.c /home/pritom/ar_abs_temp/data_structures_set_multi_proc_trivial_true_unreach_call_ground_true_termination/LAU/data_structures_set_multi_proc_trivial_true_unreach_call_ground_true_termination.c > /home/pritom/ar_abs_temp/data_structures_set_multi_proc_trivial_true_unreach_call_ground_true_termination/LAU/test.c

Running cbmc on unparsed file without induction : /home/pritom/ar_abs_temp/data_structures_set_multi_proc_trivial_true_unreach_call_ground_true_termination/LAU/test.c
NO_TIMEOUT for cbmc call: 35072 && timeout val 120 s.

*******

--1--

***Parsing completed..
Started collecting loop information for abstraction...
witness_generation:  started!
witness_generation: simplification of assume expr time taken(ms) 26
witness_generation:  simplification took (ms) 19
witness_generation:  total time taken(ms): 386

Starting the loop abstraction unparser..



***Loop Abstraction Information extraction complete

Gcc Preprocessing Command:
gcc -m32 -E /home/pritom/ar_abs_temp/data_structures_set_multi_proc_trivial_true_unreach_call_ground_true_termination/LAU/assertFlags.c /home/pritom/ar_abs_temp/data_structures_set_multi_proc_trivial_true_unreach_call_ground_true_termination/LAU/kind.c /home/pritom/ar_abs_temp/data_structures_set_multi_proc_trivial_true_unreach_call_ground_true_termination/LAU/data_structures_set_multi_proc_trivial_true_unreach_call_ground_true_termination.c > /home/pritom/ar_abs_temp/data_structures_set_multi_proc_trivial_true_unreach_call_ground_true_termination/LAU/test.c

Running cbmc on unparsed file with induction: /home/pritom/ar_abs_temp/data_structures_set_multi_proc_trivial_true_unreach_call_ground_true_termination/LAU/test.c
Running verification check by cbmc: /home/pritom/ar_abs_temp/data_structures_set_multi_proc_trivial_true_unreach_call_ground_true_termination.c
Running with --z3 - 

***[__VERIFIER_assert.assertion.1] : SUCCESS
[main.unwind.4] unwinding assertion loop 4: FAILURE
****

#[__VERIFIER_assert.assertion.1] # SUCCESS#
--0--

Running with known bound: 100001 /home/pritom/ar_abs_temp/data_structures_set_multi_proc_trivial_true_unreach_call_ground_true_termination.c

Running with --z3 - 

*******

--1--

Not summarizable!
Not running on summarizer generated file.

Running for lauf: 

Lauf unwind count : 22

Running with --z3 - 

***[__VERIFIER_assert.assertion.1] : SUCCESS
[main.unwind.4] unwinding assertion loop 4: FAILURE
****

#[__VERIFIER_assert.assertion.1] # SUCCESS#
--0--

Lauf unwind count : 54

Running with --z3 - 

***[__VERIFIER_assert.assertion.1] : SUCCESS
[main.unwind.4] unwinding assertion loop 4: FAILURE
****

#[__VERIFIER_assert.assertion.1] # SUCCESS#
--0--

Lauf unwind count : 118

Running with --z3 - 

***[__VERIFIER_assert.assertion.1] : SUCCESS
[main.unwind.4] unwinding assertion loop 4: FAILURE
****

#[__VERIFIER_assert.assertion.1] # SUCCESS#
--0--

Lauf unwind count : 246

Running with --z3 - 

***[__VERIFIER_assert.assertion.1] : SUCCESS
[main.unwind.4] unwinding assertion loop 4: FAILURE
****

#[__VERIFIER_assert.assertion.1] # SUCCESS#
--0--

Lauf unwind count : 502

Running with --z3 - 

***[__VERIFIER_assert.assertion.1] : SUCCESS
[main.unwind.4] unwinding assertion loop 4: FAILURE
****

#[__VERIFIER_assert.assertion.1] # SUCCESS#
--0--

Lauf unwind count : 1014

Running with --z3 - 

***[__VERIFIER_assert.assertion.1] : SUCCESS
[main.unwind.4] unwinding assertion loop 4: FAILURE
****

#[__VERIFIER_assert.assertion.1] # SUCCESS#
--0--

Lauf unwind count : 2038

Running with --z3 - 

***[__VERIFIER_assert.assertion.1] : SUCCESS
[main.unwind.4] unwinding assertion loop 4: FAILURE
****

#[__VERIFIER_assert.assertion.1] # SUCCESS#
--0--

Lauf unwind count : 4086

Running with --z3 - 

***[__VERIFIER_assert.assertion.1] : SUCCESS
[main.unwind.4] unwinding assertion loop 4: FAILURE
****

#[__VERIFIER_assert.assertion.1] # SUCCESS#
--0--

Lauf unwind count : 8182

Running with --z3 - 

*******

--1--

Hoist Assert...original file saved.
Started collecting loop information for abstraction...
witness_generation:  started!
witness_generation: simplification of assume expr time taken(ms) 61
witness_generation:  simplification took (ms) 19
witness_generation:  total time taken(ms): 486

Starting the loop abstraction unparser..



***Loop Abstraction Information extraction complete with assert hoisting.

Verification check KI.

VeriAbs:KIND:TOERR
VERIABS_UNKNOWN
