VeriAbs version 1.3.10
VeriAbs root: /home/pritom/mainDev/veriabs
scripts/veriabs: 44: [: unexpected operator
cpac option: --cpact
Running VeriAbs on /home/pritom/mainDev/veriabs/veriabs_list/standard_running_false-unreach-call.i/standard_running_false-unreach-call.i
Home: /home/pritom
cp: cannot stat '/home/pritom/mainDev/veriabs/veriabs_list/standard_running_false-unreach-call.i/*.h': No such file or directory
VeriAbs input C file(rw): /home/pritom/ar_abs_temp/standard_running_false_unreach_call.c
VeriAbs command: /home/pritom/mainDev/veriabs/scripts/veriabs.pl --svcomp17 --property-file /home/pritom/mainDev/veriabs/ReachSafety.prp /home/pritom/ar_abs_temp /home/pritom/ar_abs_temp/standard_running_false_unreach_call.prj
Working directory on running VeriAbs.pl : /home/pritom/mainDev/veriabs

 CBMC version : 5.8

CPAC Root: /home/pritom/mainDev/veriabs/cpact/CPAchecker-1.6.1-unix

***Parsing completed..

Array Abstraction: /home/pritom/mainDev/veriabs/scripts/vrf standard_running_false_unreach_call
ARP:PROGRAM OUT OF SCOPE
/home/pritom/ar_abs_temp/standard_running_false_unreach_call.c
Starting LSH Array Abstraction..
Examining ArrayAbstractability of standard_running_false_unreach_call
YES_ARRAYABS_UND
Amenable to Array Abstraction
Examining K-shrinkability of standard_running_false_unreach_call for K= 1
** 0 of 1 failed (1 iteration)
VERIFICATION SUCCESSFUL
Verification successful
exiting with 1
Checking property of standard_running_false_unreach_call with K= 1
** 1 of 2 failed (2 iterations)
VERIFICATION FAILED
Verification failed
exiting with 0
OUTCOME standard_running_false_unreach_call 1 UND
Started collecting loop information for abstraction...
witness_generation:  started!
witness_generation: simplification of assume expr time taken(ms) 3
witness_generation:  simplification took (ms) 2
witness_generation: simplification of assume expr time taken(ms) 0
witness_generation:  simplification took (ms) 3
witness_generation:  total time taken(ms): 123

Starting the loop abstraction unparser..



***Loop Abstraction Information extraction complete

***Parsing completed..
Started collecting loop information for abstraction...
witness_generation:  started!
witness_generation: simplification of assume expr time taken(ms) 3
witness_generation:  simplification took (ms) 15
witness_generation:  total time taken(ms): 128

Starting the loop abstraction unparser..



Abstraction Without Induction and with output abstraction.
***Loop Abstraction Information extraction complete

Gcc Preprocessing Command:
gcc -m32 -E /home/pritom/ar_abs_temp/standard_running_false_unreach_call/LAU/assertFlags.c /home/pritom/ar_abs_temp/standard_running_false_unreach_call/LAU/kind.c /home/pritom/ar_abs_temp/standard_running_false_unreach_call/LAU/standard_running_false_unreach_call.c > /home/pritom/ar_abs_temp/standard_running_false_unreach_call/LAU/test.c

Running cbmc on unparsed file without induction : /home/pritom/ar_abs_temp/standard_running_false_unreach_call/LAU/test.c
NO_TIMEOUT for cbmc call: 2560 && timeout val 400 s.

***[__VERIFIER_assert.assertion.1] : FAILURE
****

#[__VERIFIER_assert.assertion.1] # FAILURE#
--1--

***Parsing completed..
Started collecting loop information for abstraction...
witness_generation:  started!
witness_generation: simplification of assume expr time taken(ms) 4
witness_generation:  simplification took (ms) 3
witness_generation: simplification of assume expr time taken(ms) 1
witness_generation:  simplification took (ms) 34
witness_generation:  total time taken(ms): 215

Starting the loop abstraction unparser..



***Loop Abstraction Information extraction complete

Gcc Preprocessing Command:
gcc -m32 -E /home/pritom/ar_abs_temp/standard_running_false_unreach_call/LAU/assertFlags.c /home/pritom/ar_abs_temp/standard_running_false_unreach_call/LAU/kind.c /home/pritom/ar_abs_temp/standard_running_false_unreach_call/LAU/standard_running_false_unreach_call.c > /home/pritom/ar_abs_temp/standard_running_false_unreach_call/LAU/test.c

Running cbmc on unparsed file with induction: /home/pritom/ar_abs_temp/standard_running_false_unreach_call/LAU/test.c
Running verification check by cbmc: /home/pritom/ar_abs_temp/standard_running_false_unreach_call.c
Running with --z3 - 

***[__VERIFIER_assert.assertion.1] : SUCCESS
[main.unwind.0] unwinding assertion loop 0: FAILURE
****

#[__VERIFIER_assert.assertion.1] # SUCCESS#
--0--

Running with known bound: 100001 /home/pritom/ar_abs_temp/standard_running_false_unreach_call.c

Running with --z3 - 

*******

--1--

Not summarizable!
Not running on summarizer generated file.

Running for lauf: 

Lauf unwind count : 22

Running with --z3 - 

***[__VERIFIER_assert.assertion.1] : SUCCESS
[main.unwind.0] unwinding assertion loop 0: FAILURE
****

#[__VERIFIER_assert.assertion.1] # SUCCESS#
--0--

Lauf unwind count : 54

Running with --z3 - 

***[__VERIFIER_assert.assertion.1] : SUCCESS
[main.unwind.0] unwinding assertion loop 0: FAILURE
****

#[__VERIFIER_assert.assertion.1] # SUCCESS#
--0--

Lauf unwind count : 118

Running with --z3 - 

***[__VERIFIER_assert.assertion.1] : SUCCESS
[main.unwind.0] unwinding assertion loop 0: FAILURE
****

#[__VERIFIER_assert.assertion.1] # SUCCESS#
--0--

Lauf unwind count : 246

Running with --z3 - 

***[__VERIFIER_assert.assertion.1] : SUCCESS
[main.unwind.0] unwinding assertion loop 0: FAILURE
****

#[__VERIFIER_assert.assertion.1] # SUCCESS#
--0--

Lauf unwind count : 502

Running with --z3 - 

***[__VERIFIER_assert.assertion.1] : SUCCESS
[main.unwind.0] unwinding assertion loop 0: FAILURE
****

#[__VERIFIER_assert.assertion.1] # SUCCESS#
--0--

Lauf unwind count : 1014

Running with --z3 - 

***[__VERIFIER_assert.assertion.1] : SUCCESS
[main.unwind.0] unwinding assertion loop 0: FAILURE
****

#[__VERIFIER_assert.assertion.1] # SUCCESS#
--0--

Lauf unwind count : 2038

Running with --z3 - 

*******

--1--

Lauf unwind count : 4086

Running with --z3 - 

*******

--1--

Lauf unwind count : 8182

Running with --z3 - 
