VeriAbs version 1.3.10
VeriAbs root: /home/pritom/mainDev/veriabs
scripts/veriabs: 44: [: unexpected operator
cpac option: --cpact
Running VeriAbs on /home/pritom/mainDev/veriabs/veriabs_list/rewnifrev_true-unreach-call.i/rewnifrev_true-unreach-call.i
Home: /home/pritom
cp: cannot stat '/home/pritom/mainDev/veriabs/veriabs_list/rewnifrev_true-unreach-call.i/*.h': No such file or directory
VeriAbs input C file(rw): /home/pritom/ar_abs_temp/rewnifrev_true_unreach_call.c
VeriAbs command: /home/pritom/mainDev/veriabs/scripts/veriabs.pl --svcomp17 --property-file /home/pritom/mainDev/veriabs/ReachSafety.prp /home/pritom/ar_abs_temp /home/pritom/ar_abs_temp/rewnifrev_true_unreach_call.prj
Working directory on running VeriAbs.pl : /home/pritom/mainDev/veriabs

 CBMC version : 5.8

CPAC Root: /home/pritom/mainDev/veriabs/cpact/CPAchecker-1.6.1-unix

***Parsing completed..

Array Abstraction: /home/pritom/mainDev/veriabs/scripts/vrf rewnifrev_true_unreach_call
ARP:PROGRAM OUT OF SCOPE
/home/pritom/ar_abs_temp/rewnifrev_true_unreach_call.c
Starting LSH Array Abstraction..
Examining ArrayAbstractability of rewnifrev_true_unreach_call
YES_ARRAYABS
Amenable to Array Abstraction
Examining K-shrinkability of rewnifrev_true_unreach_call for K= 1
converting SSA
Running SMT2 QF_AUFBV using Z3
Verification failed
exiting with 0
OUTCOME rewnifrev_true_unreach_call 2 UNK
Started collecting loop information for abstraction...
witness_generation:  started!
witness_generation:  total time taken(ms): 193

Starting the loop abstraction unparser..



***Loop Abstraction Information extraction complete

***Parsing completed..
Started collecting loop information for abstraction...
witness_generation:  started!
witness_generation:  total time taken(ms): 165

Starting the loop abstraction unparser..



Abstraction Without Induction and with output abstraction.
***Loop Abstraction Information extraction complete

Gcc Preprocessing Command:
gcc -m32 -E /home/pritom/ar_abs_temp/rewnifrev_true_unreach_call/LAU/assertFlags.c /home/pritom/ar_abs_temp/rewnifrev_true_unreach_call/LAU/kind.c /home/pritom/ar_abs_temp/rewnifrev_true_unreach_call/LAU/rewnifrev_true_unreach_call.c > /home/pritom/ar_abs_temp/rewnifrev_true_unreach_call/LAU/test.c

Running cbmc on unparsed file without induction : /home/pritom/ar_abs_temp/rewnifrev_true_unreach_call/LAU/test.c
NO_TIMEOUT for cbmc call: 1536 && timeout val 400 s.

*******

--1--

***Parsing completed..
Started collecting loop information for abstraction...
witness_generation:  started!
witness_generation:  total time taken(ms): 121

Starting the loop abstraction unparser..



***Loop Abstraction Information extraction complete

Gcc Preprocessing Command:
gcc -m32 -E /home/pritom/ar_abs_temp/rewnifrev_true_unreach_call/LAU/assertFlags.c /home/pritom/ar_abs_temp/rewnifrev_true_unreach_call/LAU/kind.c /home/pritom/ar_abs_temp/rewnifrev_true_unreach_call/LAU/rewnifrev_true_unreach_call.c > /home/pritom/ar_abs_temp/rewnifrev_true_unreach_call/LAU/test.c

Running cbmc on unparsed file with induction: /home/pritom/ar_abs_temp/rewnifrev_true_unreach_call/LAU/test.c
Running verification check by cbmc: /home/pritom/ar_abs_temp/rewnifrev_true_unreach_call.c
Running with --z3 - 

*******

--1--

Not summarizable!
Not running on summarizer generated file.

Running for OOM BS: /home/pritom/ar_abs_temp/rewnifrev_true_unreach_call.c

OOM BS value : 11

Running with --z3 - 

*******

--1--

CBMC:VeriAbs OOM BS BOUND:TOERR

OOM BS value : 5

Running with --z3 - 

***[__VERIFIER_assert.assertion.1] : SUCCESS
[main.unwind.0] unwinding assertion loop 0: FAILURE
[main.unwind.1] unwinding assertion loop 1: SUCCESS
****

#[__VERIFIER_assert.assertion.1] # SUCCESS#
--0--

CBMC:VeriAbs OOM BS BOUND:LOOP UNWINDING ASSERTION FAILURE

OOM BS value : 8

Running with --z3 - 

*******

--1--

CBMC:VeriAbs OOM BS BOUND:TOERR

OOM BS value : 6

Running with --z3 - 

***[__VERIFIER_assert.assertion.1] : SUCCESS
[main.unwind.0] unwinding assertion loop 0: FAILURE
[main.unwind.1] unwinding assertion loop 1: SUCCESS
****

#[__VERIFIER_assert.assertion.1] # SUCCESS#
--0--

CBMC:VeriAbs OOM BS BOUND:LOOP UNWINDING ASSERTION FAILURE

OOM BS value : 7

Running with --z3 - 

*******

--1--

CBMC:VeriAbs OOM BS BOUND:TOERR

Hoist Assert...original file saved.
Started collecting loop information for abstraction...
witness_generation:  started!
witness_generation:  total time taken(ms): 196

Starting the loop abstraction unparser..



***Loop Abstraction Information extraction complete with assert hoisting.

Verification check KI.
