VeriAbs version 1.3.10
VeriAbs root: /home/pritom/mainDev/veriabs
scripts/veriabs: 44: [: unexpected operator
cpac option: --cpact
Running VeriAbs on /home/pritom/mainDev/veriabs/veriabs_list/sep_true-unreach-call.i/sep_true-unreach-call.i
Home: /home/pritom
cp: cannot stat '/home/pritom/mainDev/veriabs/veriabs_list/sep_true-unreach-call.i/*.h': No such file or directory
VeriAbs input C file(rw): /home/pritom/ar_abs_temp/sep_true_unreach_call.c
VeriAbs command: /home/pritom/mainDev/veriabs/scripts/veriabs.pl --svcomp17 --property-file /home/pritom/mainDev/veriabs/ReachSafety.prp /home/pritom/ar_abs_temp /home/pritom/ar_abs_temp/sep_true_unreach_call.prj
Working directory on running VeriAbs.pl : /home/pritom/mainDev/veriabs

 CBMC version : 5.8

CPAC Root: /home/pritom/mainDev/veriabs/cpact/CPAchecker-1.6.1-unix

***Parsing completed..

Array Abstraction: /home/pritom/mainDev/veriabs/scripts/vrf sep_true_unreach_call
ARP:PROGRAM OUT OF SCOPE
/home/pritom/ar_abs_temp/sep_true_unreach_call.c
Starting LSH Array Abstraction..
Examining ArrayAbstractability of sep_true_unreach_call

NOT Amenable to Array Abstraction
OUTCOME sep_true_unreach_call -1 NA
Started collecting loop information for abstraction...
witness_generation:  started!
witness_generation:  total time taken(ms): 225

Starting the loop abstraction unparser..



***Loop Abstraction Information extraction complete

***Parsing completed..
Started collecting loop information for abstraction...
witness_generation:  started!
witness_generation:  total time taken(ms): 167

Starting the loop abstraction unparser..



Abstraction Without Induction and with output abstraction.
***Loop Abstraction Information extraction complete

Gcc Preprocessing Command:
gcc -m32 -E /home/pritom/ar_abs_temp/sep_true_unreach_call/LAU/assertFlags.c /home/pritom/ar_abs_temp/sep_true_unreach_call/LAU/kind.c /home/pritom/ar_abs_temp/sep_true_unreach_call/LAU/sep_true_unreach_call.c > /home/pritom/ar_abs_temp/sep_true_unreach_call/LAU/test.c

Running cbmc on unparsed file without induction : /home/pritom/ar_abs_temp/sep_true_unreach_call/LAU/test.c
NO_TIMEOUT for cbmc call: 2560 && timeout val 400 s.

***[main.assertion.1] : FAILURE
****

#[main.assertion.1] # FAILURE#
--1--

***Parsing completed..
Started collecting loop information for abstraction...
witness_generation:  started!
witness_generation:  total time taken(ms): 153

Starting the loop abstraction unparser..



***Loop Abstraction Information extraction complete

Gcc Preprocessing Command:
gcc -m32 -E /home/pritom/ar_abs_temp/sep_true_unreach_call/LAU/assertFlags.c /home/pritom/ar_abs_temp/sep_true_unreach_call/LAU/kind.c /home/pritom/ar_abs_temp/sep_true_unreach_call/LAU/sep_true_unreach_call.c > /home/pritom/ar_abs_temp/sep_true_unreach_call/LAU/test.c

Running cbmc on unparsed file with induction: /home/pritom/ar_abs_temp/sep_true_unreach_call/LAU/test.c
Running verification check by cbmc: /home/pritom/ar_abs_temp/sep_true_unreach_call.c
Running with --z3 - 

***[main.assertion.1] : SUCCESS
[sep.unwind.0] unwinding assertion loop 0: FAILURE
[main.unwind.0] unwinding assertion loop 0: SUCCESS
****

#[main.assertion.1] # SUCCESS#
--0--

Running with known bound: 2147483647 /home/pritom/ar_abs_temp/sep_true_unreach_call.c

Running with --z3 - 

*******

--1--

Not summarizable!
Not running on summarizer generated file.

Running for lauf: 

Lauf unwind count : 22

Running with --z3 - 

*******

--1--

Lauf unwind count : 54

Running with --z3 - 

*******

--1--

Lauf unwind count : 118

Running with --z3 - 
