VeriAbs version 1.3.10
VeriAbs root: /home/pritom/mainDev/veriabs
scripts/veriabs: 44: [: unexpected operator
cpac option: --cpact
Running VeriAbs on /home/pritom/mainDev/veriabs/veriabs_list/add-2-n-u.c/add-2-n-u.c
Home: /home/pritom
cp: cannot stat '/home/pritom/mainDev/veriabs/veriabs_list/add-2-n-u.c/*.h': No such file or directory
VeriAbs input C file(rw): /home/pritom/ar_abs_temp/add_2_n_u_c.c
VeriAbs command: /home/pritom/mainDev/veriabs/scripts/veriabs.pl --svcomp17 --property-file /home/pritom/mainDev/veriabs/ReachSafety.prp /home/pritom/ar_abs_temp /home/pritom/ar_abs_temp/add_2_n_u_c.prj
Working directory on running VeriAbs.pl : /home/pritom/mainDev/veriabs

 CBMC version : 5.8

CPAC Root: /home/pritom/mainDev/veriabs/cpact/CPAchecker-1.6.1-unix

***Parsing completed..

Array Abstraction: /home/pritom/mainDev/veriabs/scripts/vrf add_2_n_u_c
ARP:PROGRAM OUT OF SCOPE
/home/pritom/ar_abs_temp/add_2_n_u_c.c
Starting LSH Array Abstraction..
Examining ArrayAbstractability of add_2_n_u_c

NOT Amenable to Array Abstraction
OUTCOME add_2_n_u_c -1 NA
Started collecting loop information for abstraction...
witness_generation:  started!
witness_generation: simplification of assume expr time taken(ms) 33
witness_generation:  simplification took (ms) 14
witness_generation: simplification of assume expr time taken(ms) 2
witness_generation:  simplification took (ms) 10
witness_generation:  total time taken(ms): 279

Starting the loop abstraction unparser..



***Loop Abstraction Information extraction complete

***Parsing completed..
Started collecting loop information for abstraction...
witness_generation:  started!
witness_generation: simplification of assume expr time taken(ms) 1
witness_generation:  simplification took (ms) 5
witness_generation: simplification of assume expr time taken(ms) 1
witness_generation:  simplification took (ms) 5
witness_generation:  total time taken(ms): 200

Starting the loop abstraction unparser..



Abstraction Without Induction and with output abstraction.
***Loop Abstraction Information extraction complete

Gcc Preprocessing Command:
gcc -m32 -E /home/pritom/ar_abs_temp/add_2_n_u_c/LAU/assertFlags.c /home/pritom/ar_abs_temp/add_2_n_u_c/LAU/kind.c /home/pritom/ar_abs_temp/add_2_n_u_c/LAU/add_2_n_u_c.c > /home/pritom/ar_abs_temp/add_2_n_u_c/LAU/test.c

Running cbmc on unparsed file without induction : /home/pritom/ar_abs_temp/add_2_n_u_c/LAU/test.c
NO_TIMEOUT for cbmc call: 2560 && timeout val 120 s.

***[__VERIFIER_assert.assertion.1] : FAILURE
****

#[__VERIFIER_assert.assertion.1] # FAILURE#
--1--

***Parsing completed..
Started collecting loop information for abstraction...
witness_generation:  started!
witness_generation: simplification of assume expr time taken(ms) 3
witness_generation:  simplification took (ms) 28
witness_generation: simplification of assume expr time taken(ms) 2
witness_generation:  simplification took (ms) 5
witness_generation:  total time taken(ms): 202

Starting the loop abstraction unparser..



***Loop Abstraction Information extraction complete

Gcc Preprocessing Command:
gcc -m32 -E /home/pritom/ar_abs_temp/add_2_n_u_c/LAU/assertFlags.c /home/pritom/ar_abs_temp/add_2_n_u_c/LAU/kind.c /home/pritom/ar_abs_temp/add_2_n_u_c/LAU/add_2_n_u_c.c > /home/pritom/ar_abs_temp/add_2_n_u_c/LAU/test.c

Running cbmc on unparsed file with induction: /home/pritom/ar_abs_temp/add_2_n_u_c/LAU/test.c
Running verification check by cbmc: /home/pritom/ar_abs_temp/add_2_n_u_c.c
Running with --z3 - 

*******

--1--

Not summarizable!
Not running on summarizer generated file.

Running for OOM BS: /home/pritom/ar_abs_temp/add_2_n_u_c.c

OOM BS value : 11

Running with --z3 - 

*******

--1--

CBMC:VeriAbs OOM BS BOUND:TOERR

OOM BS value : 5

Running with --z3 - 

*******

--1--

CBMC:VeriAbs OOM BS BOUND:TOERR

OOM BS value : 2

Running with --z3 - 

***[__VERIFIER_assert.assertion.1] : FAILURE
[main.unwind.0] unwinding assertion loop 0: FAILURE
[main.unwind.1] unwinding assertion loop 1: FAILURE
[main.unwind.2] unwinding assertion loop 2: SUCCESS
[main.unwind.3] unwinding assertion loop 3: SUCCESS
****

#[__VERIFIER_assert.assertion.1] # FAILURE#
#[main.unwind.0] unwinding assertion loop 0# FAILURE#
#[main.unwind.1] unwinding assertion loop 1# FAILURE#
#[main.unwind.2] unwinding assertion loop 2# SUCCESS#
#[main.unwind.3] unwinding assertion loop 3# SUCCESS#
--1--

generateCPACFalseWitness: not running as 483 + 200 + 300 >= 900
CBMC: Starting witness generation.
Status:10
CBMC:VeriAbs OOM BS BOUND:VERIABS_VERIFICATION_FAILED

witness for /home/pritom/ar_abs_temp/add_2_n_u_c.c 9237fd0354df615209557b25ccb86e90c92d54d7

Witness : /home/pritom/mainDev/veriabs/witness.graphml.
