VeriAbs version 1.3.10
VeriAbs root: /home/pritom/mainDev/veriabs
scripts/veriabs: 44: [: unexpected operator
cpac option: --cpact
Running VeriAbs on /home/pritom/mainDev/veriabs/veriabs_list/copy-partial-2-u.c/copy-partial-2-u.c
Home: /home/pritom
cp: cannot stat '/home/pritom/mainDev/veriabs/veriabs_list/copy-partial-2-u.c/*.h': No such file or directory
VeriAbs input C file(rw): /home/pritom/ar_abs_temp/copy_partial_2_u_c.c
VeriAbs command: /home/pritom/mainDev/veriabs/scripts/veriabs.pl --svcomp17 --property-file /home/pritom/mainDev/veriabs/ReachSafety.prp /home/pritom/ar_abs_temp /home/pritom/ar_abs_temp/copy_partial_2_u_c.prj
Working directory on running VeriAbs.pl : /home/pritom/mainDev/veriabs

 CBMC version : 5.8

CPAC Root: /home/pritom/mainDev/veriabs/cpact/CPAchecker-1.6.1-unix

***Parsing completed..

Array Abstraction: /home/pritom/mainDev/veriabs/scripts/vrf copy_partial_2_u_c
ARP:PROGRAM OUT OF SCOPE
/home/pritom/ar_abs_temp/copy_partial_2_u_c.c
Starting LSH Array Abstraction..
Examining ArrayAbstractability of copy_partial_2_u_c

NOT Amenable to Array Abstraction
OUTCOME copy_partial_2_u_c -1 NA
Started collecting loop information for abstraction...
witness_generation:  started!
witness_generation: simplification of assume expr time taken(ms) 2
witness_generation:  simplification took (ms) 4
witness_generation: simplification of assume expr time taken(ms) 1
witness_generation:  simplification took (ms) 5
witness_generation:  total time taken(ms): 110

Starting the loop abstraction unparser..



***Loop Abstraction Information extraction complete

***Parsing completed..
Started collecting loop information for abstraction...
witness_generation:  started!
witness_generation: simplification of assume expr time taken(ms) 2
witness_generation:  simplification took (ms) 15
witness_generation: simplification of assume expr time taken(ms) 1
witness_generation:  simplification took (ms) 5
witness_generation:  total time taken(ms): 151

Starting the loop abstraction unparser..



Abstraction Without Induction and with output abstraction.
***Loop Abstraction Information extraction complete

Gcc Preprocessing Command:
gcc -m32 -E /home/pritom/ar_abs_temp/copy_partial_2_u_c/LAU/assertFlags.c /home/pritom/ar_abs_temp/copy_partial_2_u_c/LAU/kind.c /home/pritom/ar_abs_temp/copy_partial_2_u_c/LAU/copy_partial_2_u_c.c > /home/pritom/ar_abs_temp/copy_partial_2_u_c/LAU/test.c

Running cbmc on unparsed file without induction : /home/pritom/ar_abs_temp/copy_partial_2_u_c/LAU/test.c
NO_TIMEOUT for cbmc call: 2560 && timeout val 120 s.

***[__VERIFIER_assert.assertion.1] : FAILURE
****

#[__VERIFIER_assert.assertion.1] # FAILURE#
--1--

***Parsing completed..
Started collecting loop information for abstraction...
witness_generation:  started!
witness_generation: simplification of assume expr time taken(ms) 2
witness_generation:  simplification took (ms) 3
witness_generation: simplification of assume expr time taken(ms) 1
witness_generation:  simplification took (ms) 5
witness_generation:  total time taken(ms): 123

Starting the loop abstraction unparser..



***Loop Abstraction Information extraction complete

Gcc Preprocessing Command:
gcc -m32 -E /home/pritom/ar_abs_temp/copy_partial_2_u_c/LAU/assertFlags.c /home/pritom/ar_abs_temp/copy_partial_2_u_c/LAU/kind.c /home/pritom/ar_abs_temp/copy_partial_2_u_c/LAU/copy_partial_2_u_c.c > /home/pritom/ar_abs_temp/copy_partial_2_u_c/LAU/test.c

Running cbmc on unparsed file with induction: /home/pritom/ar_abs_temp/copy_partial_2_u_c/LAU/test.c
Running verification check by cbmc: /home/pritom/ar_abs_temp/copy_partial_2_u_c.c
Running with --z3 - 

***[__VERIFIER_assert.assertion.1] : SUCCESS
[main.unwind.0] unwinding assertion loop 0: FAILURE
[main.unwind.1] unwinding assertion loop 1: SUCCESS
[main.unwind.2] unwinding assertion loop 2: FAILURE
[main.unwind.3] unwinding assertion loop 3: SUCCESS
****

#[__VERIFIER_assert.assertion.1] # SUCCESS#
--0--

Not summarizable!
Not running on summarizer generated file.

Running for lauf: 

Lauf unwind count : 22

Running with --z3 - 

***[__VERIFIER_assert.assertion.1] : SUCCESS
[main.unwind.0] unwinding assertion loop 0: FAILURE
[main.unwind.1] unwinding assertion loop 1: SUCCESS
[main.unwind.2] unwinding assertion loop 2: FAILURE
[main.unwind.3] unwinding assertion loop 3: SUCCESS
****

#[__VERIFIER_assert.assertion.1] # SUCCESS#
--0--

Lauf unwind count : 54

Running with --z3 - 

*******

--1--

Lauf unwind count : 118

Running with --z3 - 

*******

--1--

Lauf unwind count : 246

Running with --z3 - 

*******

--1--

Lauf unwind count : 502

Running with --z3 - 

*******

--1--

Lauf unwind count : 1014

Running with --z3 - 

*******

--1--

Lauf unwind count : 2038

Running with --z3 - 
